<?xml version="1.0" encoding="UTF-8"?>
<!-- Generated by org.testng.reporters.JUnitReportReporter -->
<testsuite hostname="HIS" failures="0" tests="1" name="ketoTest.KetoTest" time="185.079" errors="0" timestamp="2024-05-21T12:22:00 IST" skipped="0">
  <testcase classname="ketoTest.KetoTest" name="MenNonVegTest" time="185.079"/>
  <system-out/>
</testsuite> <!-- ketoTest.KetoTest -->
