<?xml version="1.0" encoding="UTF-8"?>
<!-- Generated by org.testng.reporters.JUnitReportReporter -->
<testsuite hostname="DESKTOP-LO1IC0C" failures="0" tests="5" name="ketoTest.KetoTest" time="1.636" errors="1" timestamp="2024-04-24T11:10:59 IST" skipped="4">
  <testcase classname="ketoTest.KetoTest" name="MenNonVegTest" time="0.000">
    <skipped/>
  </testcase> <!-- MenNonVegTest -->
  <testcase classname="ketoTest.KetoTest" name="ketoTestVegetarian" time="0.001">
    <skipped/>
  </testcase> <!-- ketoTestVegetarian -->
  <testcase classname="ketoTest.KetoTest" name="womenNonVegan" time="0.000">
    <skipped/>
  </testcase> <!-- womenNonVegan -->
  <testcase classname="ketoTest.KetoTest" name="popUp" time="1.635">
    <error message="Could not start a new session. Response code 500. Message: An unknown server-side error occurred while processing the command. Original error: Error executing adbExec. Original error: &#039;Command &#039;C:\\Users\\HISPL\\AppData\\Local\\Android\\Sdk\\platform-tools\\adb.exe -P 5037 -s 76f571ebe33e shell &#039;settings delete global hidden_api_policy_pre_p_apps;settings delete global hidden_api_policy_p_apps;settings delete global hidden_api_policy&#039;&#039; exited with code 255&#039;; Command output: 
Exception occurred while executing &#039;delete&#039;:
java.lang.SecurityException: Permission denial, must have one of: [android.permission.WRITE_SECURE_SETTINGS]
	at com.android.providers.settings.SettingsProvider.enforceHasAtLeastOnePermission(SettingsProvider.java:2394)
	at com.android.providers.settings.SettingsProvider.mutateGlobalSetting(SettingsProvider.java:1494)
	at com.android.providers.settings.SettingsProvider.mutateGlobalSetting(SettingsProvider.java:1486)
	at com.android.providers.settings.SettingsProvider.deleteGlobalSetting(SettingsProvider.java:1457)
	at com.android.providers.settings.SettingsProvider.call(SettingsProvider.java:544)
	at android.content.ContentProvider.call(ContentProvider.java:2700)
	at android.content.ContentProvider$Transport.call(ContentProvider.java:634)
	at com.android.providers.settings.SettingsService$MyShellCommand.deleteForUser(SettingsService.java:408)
	at com.android.providers.settings.SettingsService$MyShellCommand.onCommand(SettingsService.java:282)
	at com.android.modules.utils.BasicShellCommandHandler.exec(BasicShellCommandHandler.java:97)
	at android.os.ShellCommand.exec(ShellCommand.java:38)
	at com.android.providers.settings.SettingsService.onShellCommand(SettingsService.java:50)
	at android.os.Binder.shellCommand(Binder.java:1075)
	at android.os.Binder.onTransact(Binder.java:895)
	at android.os.Binder.execTransactInternal(Binder.java:1351)
	at android.os.Binder.execTransact(Binder.java:1282)

Exception occurred while executing &#039;delete&#039;:
java.lang.SecurityException: Permission denial, must have one of: [android.permission.WRITE_SECURE_SETTINGS]
	at com.android.providers.settings.SettingsProvider.enforceHasAtLeastOnePermission(SettingsProvider.java:2394)
	at com.android.providers.settings.SettingsProvider.mutateGlobalSetting(SettingsProvider.java:1494)
	at com.android.providers.settings.SettingsProvider.mutateGlobalSetting(SettingsProvider.java:1486)
	at com.android.providers.settings.SettingsProvider.deleteGlobalSetting(SettingsProvider.java:1457)
	at com.android.providers.settings.SettingsProvider.call(SettingsProvider.java:544)
	at android.content.ContentProvider.call(ContentProvider.java:2700)
	at android.content.ContentProvider$Transport.call(ContentProvider.java:634)
	at com.android.providers.settings.SettingsService$MyShellCommand.deleteForUser(SettingsService.java:408)
	at com.android.providers.settings.SettingsService$MyShellCommand.onCommand(SettingsService.java:282)
	at com.android.modules.utils.BasicShellCommandHandler.exec(BasicShellCommandHandler.java:97)
	at android.os.ShellCommand.exec(ShellCommand.java:38)
	at com.android.providers.settings.SettingsService.onShellCommand(SettingsService.java:50)
	at android.os.Binder.shellCommand(Binder.java:1075)
	at android.os.Binder.onTransact(Binder.java:895)
	at android.os.Binder.execTransactInternal(Binder.java:1351)
	at android.os.Binder.execTransact(Binder.java:1282)

Exception occurred while executing &#039;delete&#039;:
java.lang.SecurityException: Permission denial, must have one of: [android.permission.WRITE_SECURE_SETTINGS]
	at com.android.providers.settings.SettingsProvider.enforceHasAtLeastOnePermission(SettingsProvider.java:2394)
	at com.android.providers.settings.SettingsProvider.mutateGlobalSetting(SettingsProvider.java:1494)
	at com.android.providers.settings.SettingsProvider.mutateGlobalSetting(SettingsProvider.java:1486)
	at com.android.providers.settings.SettingsProvider.deleteGlobalSetting(SettingsProvider.java:1457)
	at com.android.providers.settings.SettingsProvider.call(SettingsProvider.java:544)
	at android.content.ContentProvider.call(ContentProvider.java:2700)
	at android.content.ContentProvider$Transport.call(ContentProvider.java:634)
	at com.android.providers.settings.SettingsService$MyShellCommand.deleteForUser(SettingsService.java:408)
	at com.android.providers.settings.SettingsService$MyShellCommand.onCommand(SettingsService.java:282)
	at com.android.modules.utils.BasicShellCommandHandler.exec(BasicShellCommandHandler.java:97)
	at android.os.ShellCommand.exec(ShellCommand.java:38)
	at com.android.providers.settings.SettingsService.onShellCommand(SettingsService.java:50)
	at android.os.Binder.shellCommand(Binder.java:1075)
	at android.os.Binder.onTransact(Binder.java:895)
	at android.os.Binder.execTransactInternal(Binder.java:1351)
	at android.os.Binder.execTransact(Binder.java:1282)
 
Host info: host: &#039;DESKTOP-LO1IC0C&#039;, ip: &#039;192.168.1.106&#039;
Build info: version: &#039;4.19.1&#039;, revision: &#039;abe0ee07dc&#039;
System info: os.name: &#039;Windows 11&#039;, os.arch: &#039;amd64&#039;, os.version: &#039;10.0&#039;, java.version: &#039;17.0.9&#039;
Driver info: io.appium.java_client.android.AndroidDriver
Command: [null, newSession {desiredCapabilities=Capabilities {appium:app: C:\Users\HISPL\eclipse-work..., appium:automationName: UIAutomator2, appium:deviceName: Android Device, platformName: ANDROID}, capabilities=[{appium:app=C:\Users\HISPL\eclipse-workspace\ProjectAppium\resources\app-release.apk, platformName=ANDROID, appium:automationName=UIAutomator2, appium:deviceName=Android Device}]}]
Capabilities {appium:app: C:\Users\HISPL\eclipse-work..., appium:automationName: UIAutomator2, appium:deviceName: Android Device, platformName: ANDROID}" type="org.openqa.selenium.SessionNotCreatedException">
      <![CDATA[org.openqa.selenium.SessionNotCreatedException: Could not start a new session. Response code 500. Message: An unknown server-side error occurred while processing the command. Original error: Error executing adbExec. Original error: 'Command 'C:\\Users\\HISPL\\AppData\\Local\\Android\\Sdk\\platform-tools\\adb.exe -P 5037 -s 76f571ebe33e shell 'settings delete global hidden_api_policy_pre_p_apps;settings delete global hidden_api_policy_p_apps;settings delete global hidden_api_policy'' exited with code 255'; Command output: 
Exception occurred while executing 'delete':
java.lang.SecurityException: Permission denial, must have one of: [android.permission.WRITE_SECURE_SETTINGS]
at com.android.providers.settings.SettingsProvider.enforceHasAtLeastOnePermission(SettingsProvider.java:2394)
at com.android.providers.settings.SettingsProvider.mutateGlobalSetting(SettingsProvider.java:1494)
at com.android.providers.settings.SettingsProvider.mutateGlobalSetting(SettingsProvider.java:1486)
at com.android.providers.settings.SettingsProvider.deleteGlobalSetting(SettingsProvider.java:1457)
at com.android.providers.settings.SettingsProvider.call(SettingsProvider.java:544)
at android.content.ContentProvider.call(ContentProvider.java:2700)
at android.content.ContentProvider$Transport.call(ContentProvider.java:634)
at com.android.providers.settings.SettingsService$MyShellCommand.deleteForUser(SettingsService.java:408)
at com.android.providers.settings.SettingsService$MyShellCommand.onCommand(SettingsService.java:282)
at com.android.modules.utils.BasicShellCommandHandler.exec(BasicShellCommandHandler.java:97)
at android.os.ShellCommand.exec(ShellCommand.java:38)
at com.android.providers.settings.SettingsService.onShellCommand(SettingsService.java:50)
at android.os.Binder.shellCommand(Binder.java:1075)
at android.os.Binder.onTransact(Binder.java:895)
at android.os.Binder.execTransactInternal(Binder.java:1351)
at android.os.Binder.execTransact(Binder.java:1282)

Exception occurred while executing 'delete':
java.lang.SecurityException: Permission denial, must have one of: [android.permission.WRITE_SECURE_SETTINGS]
at com.android.providers.settings.SettingsProvider.enforceHasAtLeastOnePermission(SettingsProvider.java:2394)
at com.android.providers.settings.SettingsProvider.mutateGlobalSetting(SettingsProvider.java:1494)
at com.android.providers.settings.SettingsProvider.mutateGlobalSetting(SettingsProvider.java:1486)
at com.android.providers.settings.SettingsProvider.deleteGlobalSetting(SettingsProvider.java:1457)
at com.android.providers.settings.SettingsProvider.call(SettingsProvider.java:544)
at android.content.ContentProvider.call(ContentProvider.java:2700)
at android.content.ContentProvider$Transport.call(ContentProvider.java:634)
at com.android.providers.settings.SettingsService$MyShellCommand.deleteForUser(SettingsService.java:408)
at com.android.providers.settings.SettingsService$MyShellCommand.onCommand(SettingsService.java:282)
at com.android.modules.utils.BasicShellCommandHandler.exec(BasicShellCommandHandler.java:97)
at android.os.ShellCommand.exec(ShellCommand.java:38)
at com.android.providers.settings.SettingsService.onShellCommand(SettingsService.java:50)
at android.os.Binder.shellCommand(Binder.java:1075)
at android.os.Binder.onTransact(Binder.java:895)
at android.os.Binder.execTransactInternal(Binder.java:1351)
at android.os.Binder.execTransact(Binder.java:1282)

Exception occurred while executing 'delete':
java.lang.SecurityException: Permission denial, must have one of: [android.permission.WRITE_SECURE_SETTINGS]
at com.android.providers.settings.SettingsProvider.enforceHasAtLeastOnePermission(SettingsProvider.java:2394)
at com.android.providers.settings.SettingsProvider.mutateGlobalSetting(SettingsProvider.java:1494)
at com.android.providers.settings.SettingsProvider.mutateGlobalSetting(SettingsProvider.java:1486)
at com.android.providers.settings.SettingsProvider.deleteGlobalSetting(SettingsProvider.java:1457)
at com.android.providers.settings.SettingsProvider.call(SettingsProvider.java:544)
at android.content.ContentProvider.call(ContentProvider.java:2700)
at android.content.ContentProvider$Transport.call(ContentProvider.java:634)
at com.android.providers.settings.SettingsService$MyShellCommand.deleteForUser(SettingsService.java:408)
at com.android.providers.settings.SettingsService$MyShellCommand.onCommand(SettingsService.java:282)
at com.android.modules.utils.BasicShellCommandHandler.exec(BasicShellCommandHandler.java:97)
at android.os.ShellCommand.exec(ShellCommand.java:38)
at com.android.providers.settings.SettingsService.onShellCommand(SettingsService.java:50)
at android.os.Binder.shellCommand(Binder.java:1075)
at android.os.Binder.onTransact(Binder.java:895)
at android.os.Binder.execTransactInternal(Binder.java:1351)
at android.os.Binder.execTransact(Binder.java:1282)
 
Host info: host: 'DESKTOP-LO1IC0C', ip: '192.168.1.106'
Build info: version: '4.19.1', revision: 'abe0ee07dc'
System info: os.name: 'Windows 11', os.arch: 'amd64', os.version: '10.0', java.version: '17.0.9'
Driver info: io.appium.java_client.android.AndroidDriver
Command: [null, newSession {desiredCapabilities=Capabilities {appium:app: C:\Users\HISPL\eclipse-work..., appium:automationName: UIAutomator2, appium:deviceName: Android Device, platformName: ANDROID}, capabilities=[{appium:app=C:\Users\HISPL\eclipse-workspace\ProjectAppium\resources\app-release.apk, platformName=ANDROID, appium:automationName=UIAutomator2, appium:deviceName=Android Device}]}]
Capabilities {appium:app: C:\Users\HISPL\eclipse-work..., appium:automationName: UIAutomator2, appium:deviceName: Android Device, platformName: ANDROID}
at org.openqa.selenium.remote.ProtocolHandshake.createSession(ProtocolHandshake.java:114)
at java.base/jdk.internal.reflect.NativeMethodAccessorImpl.invoke0(Native Method)
at java.base/jdk.internal.reflect.NativeMethodAccessorImpl.invoke(NativeMethodAccessorImpl.java:77)
at java.base/jdk.internal.reflect.DelegatingMethodAccessorImpl.invoke(DelegatingMethodAccessorImpl.java:43)
at java.base/java.lang.reflect.Method.invoke(Method.java:568)
at io.appium.java_client.remote.AppiumProtocolHandshake.createSession(AppiumProtocolHandshake.java:116)
at io.appium.java_client.remote.AppiumProtocolHandshake.createSession(AppiumProtocolHandshake.java:96)
at io.appium.java_client.remote.AppiumCommandExecutor.createSession(AppiumCommandExecutor.java:176)
at io.appium.java_client.remote.AppiumCommandExecutor.execute(AppiumCommandExecutor.java:237)
at org.openqa.selenium.remote.RemoteWebDriver.execute(RemoteWebDriver.java:518)
at io.appium.java_client.AppiumDriver.startSession(AppiumDriver.java:268)
at org.openqa.selenium.remote.RemoteWebDriver.<init>(RemoteWebDriver.java:161)
at io.appium.java_client.AppiumDriver.<init>(AppiumDriver.java:90)
at io.appium.java_client.AppiumDriver.<init>(AppiumDriver.java:102)
at io.appium.java_client.android.AndroidDriver.<init>(AndroidDriver.java:109)
at baseTest.BaseClassApp.driverSetUp(BaseClassApp.java:28)
at baseTest.BaseClassApp.popUp(BaseClassApp.java:35)
at java.base/jdk.internal.reflect.NativeMethodAccessorImpl.invoke0(Native Method)
at java.base/jdk.internal.reflect.NativeMethodAccessorImpl.invoke(NativeMethodAccessorImpl.java:77)
at java.base/jdk.internal.reflect.DelegatingMethodAccessorImpl.invoke(DelegatingMethodAccessorImpl.java:43)
at java.base/java.lang.reflect.Method.invoke(Method.java:568)
at org.testng.internal.invokers.MethodInvocationHelper.invokeMethod(MethodInvocationHelper.java:139)
at org.testng.internal.invokers.MethodInvocationHelper.invokeMethodConsideringTimeout(MethodInvocationHelper.java:69)
at org.testng.internal.invokers.ConfigInvoker.invokeConfigurationMethod(ConfigInvoker.java:393)
at org.testng.internal.invokers.ConfigInvoker.invokeConfigurations(ConfigInvoker.java:326)
at org.testng.internal.invokers.TestInvoker.runConfigMethods(TestInvoker.java:810)
at org.testng.internal.invokers.TestInvoker.invokeMethod(TestInvoker.java:578)
at org.testng.internal.invokers.TestInvoker.invokeTestMethod(TestInvoker.java:228)
at org.testng.internal.invokers.MethodRunner.runInSequence(MethodRunner.java:63)
at org.testng.internal.invokers.TestInvoker$MethodInvocationAgent.invoke(TestInvoker.java:961)
at org.testng.internal.invokers.TestInvoker.invokeTestMethods(TestInvoker.java:201)
at org.testng.internal.invokers.TestMethodWorker.invokeTestMethods(TestMethodWorker.java:148)
at org.testng.internal.invokers.TestMethodWorker.run(TestMethodWorker.java:128)
at java.base/java.util.ArrayList.forEach(ArrayList.java:1511)
at org.testng.TestRunner.privateRun(TestRunner.java:819)
at org.testng.TestRunner.run(TestRunner.java:619)
at org.testng.SuiteRunner.runTest(SuiteRunner.java:443)
at org.testng.SuiteRunner.runSequentially(SuiteRunner.java:437)
at org.testng.SuiteRunner.privateRun(SuiteRunner.java:397)
at org.testng.SuiteRunner.run(SuiteRunner.java:336)
at org.testng.SuiteRunnerWorker.runSuite(SuiteRunnerWorker.java:52)
at org.testng.SuiteRunnerWorker.run(SuiteRunnerWorker.java:95)
at org.testng.TestNG.runSuitesSequentially(TestNG.java:1301)
at org.testng.TestNG.runSuitesLocally(TestNG.java:1228)
at org.testng.TestNG.runSuites(TestNG.java:1134)
at org.testng.TestNG.run(TestNG.java:1101)
at org.testng.remote.AbstractRemoteTestNG.run(AbstractRemoteTestNG.java:115)
at org.testng.remote.RemoteTestNG.initAndRun(RemoteTestNG.java:251)
at org.testng.remote.RemoteTestNG.main(RemoteTestNG.java:77)
]]>
    </error>
  </testcase> <!-- popUp -->
  <testcase classname="ketoTest.KetoTest" name="womenVegan" time="0.000">
    <skipped/>
  </testcase> <!-- womenVegan -->
</testsuite> <!-- ketoTest.KetoTest -->
