<?xml version="1.0" encoding="UTF-8"?>
<!-- Generated by org.testng.reporters.JUnitReportReporter -->
<testsuite hostname="HIS" failures="0" tests="1" name="ketoTest.BasicTest" time="7.322" errors="0" timestamp="2024-05-17T13:25:42 IST" skipped="0">
  <testcase classname="ketoTest.BasicTest" name="keyPadSmS" time="7.322"/>
  <system-out/>
</testsuite> <!-- ketoTest.BasicTest -->
