<?xml version="1.0" encoding="UTF-8"?>
<!-- Generated by org.testng.reporters.JUnitReportReporter -->
<testsuite hostname="HIS" failures="0" tests="1" name="ketoTest.KetoTest" time="162.511" errors="0" timestamp="2024-05-17T16:13:42 IST" skipped="0">
  <testcase classname="ketoTest.KetoTest" name="womenNonVegan" time="162.511"/>
  <system-out/>
</testsuite> <!-- ketoTest.KetoTest -->
